build/app/intermediates/manifest_merge_blame_file/release/processReleaseMainManifest/manifest-merger-blame-release-report.txt
1<?xml version="1.0" encoding="utf-8"?>
2<manifest xmlns:android="http://schemas.android.com/apk/res/android"
3    package="com.example.richzspot"
4    android:versionCode="1"
5    android:versionName="1.0.0" >
6
7    <uses-sdk
8        android:minSdkVersion="21"
9        android:targetSdkVersion="35" />
10    <!--
11         Required to query activities that can process text, see:
12         https://developer.android.com/training/package-visibility and
13         https://developer.android.com/reference/android/content/Intent#ACTION_PROCESS_TEXT.
14
15         In particular, this is used by the Flutter engine in io.flutter.plugin.text.ProcessTextPlugin.
16    -->
17    <queries>
17-->src/main/AndroidManifest.xml:40:5-45:15
18        <intent>
18-->src/main/AndroidManifest.xml:41:9-44:18
19            <action android:name="android.intent.action.PROCESS_TEXT" />
19-->src/main/AndroidManifest.xml:42:13-72
19-->src/main/AndroidManifest.xml:42:21-70
20
21            <data android:mimeType="text/plain" />
21-->src/main/AndroidManifest.xml:43:13-50
21-->src/main/AndroidManifest.xml:43:19-48
22        </intent>
23    </queries>
24
25    <uses-feature android:name="android.hardware.camera.any" />
25-->[:camera_android_camerax] AndroidManifest.xml:7:5-64
25-->[:camera_android_camerax] AndroidManifest.xml:7:19-61
26
27    <uses-permission android:name="android.permission.CAMERA" />
27-->[:camera_android_camerax] AndroidManifest.xml:9:5-65
27-->[:camera_android_camerax] AndroidManifest.xml:9:22-62
28    <uses-permission android:name="android.permission.RECORD_AUDIO" />
28-->[:camera_android_camerax] AndroidManifest.xml:10:5-71
28-->[:camera_android_camerax] AndroidManifest.xml:10:22-68
29    <uses-permission
29-->[:camera_android_camerax] AndroidManifest.xml:11:5-13:38
30        android:name="android.permission.WRITE_EXTERNAL_STORAGE"
30-->[:camera_android_camerax] AndroidManifest.xml:12:9-65
31        android:maxSdkVersion="28" />
31-->[:camera_android_camerax] AndroidManifest.xml:13:9-35
32    <uses-permission
33        android:name="android.permission.READ_EXTERNAL_STORAGE"
34        android:maxSdkVersion="32" />
34-->[:open_filex] AndroidManifest.xml:10:9-35
35    <uses-permission android:name="android.permission.INTERNET" />
35-->[:firebase_messaging] AndroidManifest.xml:7:5-67
35-->[:firebase_messaging] AndroidManifest.xml:7:22-64
36    <uses-permission android:name="android.permission.WAKE_LOCK" />
36-->[:firebase_messaging] AndroidManifest.xml:8:5-68
36-->[:firebase_messaging] AndroidManifest.xml:8:22-65
37    <uses-permission android:name="android.permission.ACCESS_NETWORK_STATE" /> <!-- Permissions options for the `notification` group -->
37-->[:firebase_messaging] AndroidManifest.xml:9:5-79
37-->[:firebase_messaging] AndroidManifest.xml:9:22-76
38    <uses-permission android:name="android.permission.POST_NOTIFICATIONS" />
38-->[:firebase_messaging] AndroidManifest.xml:11:5-77
38-->[:firebase_messaging] AndroidManifest.xml:11:22-74
39    <uses-permission android:name="android.permission.RECEIVE_BOOT_COMPLETED" />
39-->[:flutter_local_notifications] AndroidManifest.xml:7:5-81
39-->[:flutter_local_notifications] AndroidManifest.xml:7:22-78
40    <uses-permission android:name="android.permission.VIBRATE" />
40-->[:flutter_local_notifications] AndroidManifest.xml:8:5-66
40-->[:flutter_local_notifications] AndroidManifest.xml:8:22-63
41    <uses-permission android:name="android.permission.USE_FULL_SCREEN_INTENT" />
41-->[:flutter_local_notifications] AndroidManifest.xml:9:5-81
41-->[:flutter_local_notifications] AndroidManifest.xml:9:22-78
42    <uses-permission android:name="android.permission.SCHEDULE_EXACT_ALARM" />
42-->[:flutter_local_notifications] AndroidManifest.xml:10:5-79
42-->[:flutter_local_notifications] AndroidManifest.xml:10:22-76
43    <uses-permission android:name="android.permission.READ_MEDIA_IMAGES" />
43-->[:open_filex] AndroidManifest.xml:11:5-76
43-->[:open_filex] AndroidManifest.xml:11:22-73
44    <uses-permission android:name="android.permission.READ_MEDIA_VIDEO" />
44-->[:open_filex] AndroidManifest.xml:12:5-75
44-->[:open_filex] AndroidManifest.xml:12:22-72
45    <uses-permission android:name="android.permission.READ_MEDIA_AUDIO" /> <!-- Required by older versions of Google Play services to create IID tokens -->
45-->[:open_filex] AndroidManifest.xml:13:5-75
45-->[:open_filex] AndroidManifest.xml:13:22-72
46    <uses-permission android:name="com.google.android.c2dm.permission.RECEIVE" />
46-->[com.google.firebase:firebase-messaging:24.1.1] AndroidManifest.xml:26:5-82
46-->[com.google.firebase:firebase-messaging:24.1.1] AndroidManifest.xml:26:22-79
47
48    <permission
48-->[androidx.core:core:1.16.0] AndroidManifest.xml:22:5-24:47
49        android:name="com.example.richzspot.DYNAMIC_RECEIVER_NOT_EXPORTED_PERMISSION"
49-->[androidx.core:core:1.16.0] AndroidManifest.xml:23:9-81
50        android:protectionLevel="signature" />
50-->[androidx.core:core:1.16.0] AndroidManifest.xml:24:9-44
51
52    <uses-permission android:name="com.example.richzspot.DYNAMIC_RECEIVER_NOT_EXPORTED_PERMISSION" />
52-->[androidx.core:core:1.16.0] AndroidManifest.xml:26:5-97
52-->[androidx.core:core:1.16.0] AndroidManifest.xml:26:22-94
53
54    <application
55        android:name="android.app.Application"
55-->src/main/AndroidManifest.xml:4:9-42
56        android:appComponentFactory="androidx.core.app.CoreComponentFactory"
56-->[androidx.core:core:1.16.0] AndroidManifest.xml:28:18-86
57        android:extractNativeLibs="true"
58        android:icon="@mipmap/launcher_icon"
58-->src/main/AndroidManifest.xml:5:9-45
59        android:label="RichzSpot Mobile New" >
59-->src/main/AndroidManifest.xml:3:9-45
60        <activity
60-->src/main/AndroidManifest.xml:6:9-27:20
61            android:name="com.example.richzspot.MainActivity"
61-->src/main/AndroidManifest.xml:7:13-41
62            android:configChanges="orientation|keyboardHidden|keyboard|screenSize|smallestScreenSize|locale|layoutDirection|fontScale|screenLayout|density|uiMode"
62-->src/main/AndroidManifest.xml:12:13-163
63            android:exported="true"
63-->src/main/AndroidManifest.xml:8:13-36
64            android:hardwareAccelerated="true"
64-->src/main/AndroidManifest.xml:13:13-47
65            android:launchMode="singleTop"
65-->src/main/AndroidManifest.xml:9:13-43
66            android:taskAffinity=""
66-->src/main/AndroidManifest.xml:10:13-36
67            android:theme="@style/LaunchTheme"
67-->src/main/AndroidManifest.xml:11:13-47
68            android:windowSoftInputMode="adjustResize" >
68-->src/main/AndroidManifest.xml:14:13-55
69
70            <!--
71                 Specifies an Android theme to apply to this Activity as soon as
72                 the Android process has started. This theme is visible to the user
73                 while the Flutter UI initializes. After that, this theme continues
74                 to determine the Window background behind the Flutter UI.
75            -->
76            <meta-data
76-->src/main/AndroidManifest.xml:19:13-22:17
77                android:name="io.flutter.embedding.android.NormalTheme"
77-->src/main/AndroidManifest.xml:20:15-70
78                android:resource="@style/NormalTheme" />
78-->src/main/AndroidManifest.xml:21:15-52
79
80            <intent-filter>
80-->src/main/AndroidManifest.xml:23:13-26:29
81                <action android:name="android.intent.action.MAIN" />
81-->src/main/AndroidManifest.xml:24:17-68
81-->src/main/AndroidManifest.xml:24:25-66
82
83                <category android:name="android.intent.category.LAUNCHER" />
83-->src/main/AndroidManifest.xml:25:17-76
83-->src/main/AndroidManifest.xml:25:27-74
84            </intent-filter>
85        </activity>
86        <!-- <service android:name=".java.MyFirebaseMessagingService" android:exported="false"> <intent-filter> <action android:name="com.google.firebase.MESSAGING_EVENT" /> </intent-filter> </service> -->
87        <!--
88             Don't delete the meta-data below.
89             This is used by the Flutter tool to generate GeneratedPluginRegistrant.java
90        -->
91        <meta-data
91-->src/main/AndroidManifest.xml:31:9-33:33
92            android:name="flutterEmbedding"
92-->src/main/AndroidManifest.xml:32:13-44
93            android:value="2" />
93-->src/main/AndroidManifest.xml:33:13-30
94
95        <service
95-->[androidx.camera:camera-camera2:1.4.1] AndroidManifest.xml:24:9-33:19
96            android:name="androidx.camera.core.impl.MetadataHolderService"
96-->[androidx.camera:camera-camera2:1.4.1] AndroidManifest.xml:25:13-75
97            android:enabled="false"
97-->[androidx.camera:camera-camera2:1.4.1] AndroidManifest.xml:26:13-36
98            android:exported="false" >
98-->[androidx.camera:camera-camera2:1.4.1] AndroidManifest.xml:27:13-37
99            <meta-data
99-->[androidx.camera:camera-camera2:1.4.1] AndroidManifest.xml:30:13-32:89
100                android:name="androidx.camera.core.impl.MetadataHolderService.DEFAULT_CONFIG_PROVIDER"
100-->[androidx.camera:camera-camera2:1.4.1] AndroidManifest.xml:31:17-103
101                android:value="androidx.camera.camera2.Camera2Config$DefaultProvider" />
101-->[androidx.camera:camera-camera2:1.4.1] AndroidManifest.xml:32:17-86
102        </service>
103        <service
103-->[:geolocator_android] AndroidManifest.xml:8:9-12:56
104            android:name="com.baseflow.geolocator.GeolocatorLocationService"
104-->[:geolocator_android] AndroidManifest.xml:9:13-77
105            android:enabled="true"
105-->[:geolocator_android] AndroidManifest.xml:10:13-35
106            android:exported="false"
106-->[:geolocator_android] AndroidManifest.xml:11:13-37
107            android:foregroundServiceType="location" />
107-->[:geolocator_android] AndroidManifest.xml:12:13-53
108        <service
108-->[:firebase_messaging] AndroidManifest.xml:14:9-17:72
109            android:name="io.flutter.plugins.firebase.messaging.FlutterFirebaseMessagingBackgroundService"
109-->[:firebase_messaging] AndroidManifest.xml:15:13-107
110            android:exported="false"
110-->[:firebase_messaging] AndroidManifest.xml:16:13-37
111            android:permission="android.permission.BIND_JOB_SERVICE" />
111-->[:firebase_messaging] AndroidManifest.xml:17:13-69
112        <service
112-->[:firebase_messaging] AndroidManifest.xml:18:9-24:19
113            android:name="io.flutter.plugins.firebase.messaging.FlutterFirebaseMessagingService"
113-->[:firebase_messaging] AndroidManifest.xml:19:13-97
114            android:exported="false" >
114-->[:firebase_messaging] AndroidManifest.xml:20:13-37
115            <intent-filter>
115-->[:firebase_messaging] AndroidManifest.xml:21:13-23:29
116                <action android:name="com.google.firebase.MESSAGING_EVENT" />
116-->[:firebase_messaging] AndroidManifest.xml:22:17-78
116-->[:firebase_messaging] AndroidManifest.xml:22:25-75
117            </intent-filter>
118        </service>
119
120        <receiver
120-->[:firebase_messaging] AndroidManifest.xml:26:9-33:20
121            android:name="io.flutter.plugins.firebase.messaging.FlutterFirebaseMessagingReceiver"
121-->[:firebase_messaging] AndroidManifest.xml:27:13-98
122            android:exported="true"
122-->[:firebase_messaging] AndroidManifest.xml:28:13-36
123            android:permission="com.google.android.c2dm.permission.SEND" >
123-->[:firebase_messaging] AndroidManifest.xml:29:13-73
124            <intent-filter>
124-->[:firebase_messaging] AndroidManifest.xml:30:13-32:29
125                <action android:name="com.google.android.c2dm.intent.RECEIVE" />
125-->[:firebase_messaging] AndroidManifest.xml:31:17-81
125-->[:firebase_messaging] AndroidManifest.xml:31:25-78
126            </intent-filter>
127        </receiver>
128
129        <service
129-->[:firebase_messaging] AndroidManifest.xml:35:9-39:19
130            android:name="com.google.firebase.components.ComponentDiscoveryService"
130-->[:firebase_messaging] AndroidManifest.xml:35:18-89
131            android:directBootAware="true"
131-->[com.google.firebase:firebase-common:21.0.0] AndroidManifest.xml:32:13-43
132            android:exported="false" >
132-->[com.google.firebase:firebase-messaging:24.1.1] AndroidManifest.xml:56:13-37
133            <meta-data
133-->[:firebase_messaging] AndroidManifest.xml:36:13-38:85
134                android:name="com.google.firebase.components:io.flutter.plugins.firebase.messaging.FlutterFirebaseAppRegistrar"
134-->[:firebase_messaging] AndroidManifest.xml:37:17-128
135                android:value="com.google.firebase.components.ComponentRegistrar" />
135-->[:firebase_messaging] AndroidManifest.xml:38:17-82
136            <meta-data
136-->[:firebase_core] AndroidManifest.xml:9:13-11:85
137                android:name="com.google.firebase.components:io.flutter.plugins.firebase.core.FlutterFirebaseCoreRegistrar"
137-->[:firebase_core] AndroidManifest.xml:10:17-124
138                android:value="com.google.firebase.components.ComponentRegistrar" />
138-->[:firebase_core] AndroidManifest.xml:11:17-82
139            <meta-data
139-->[com.google.firebase:firebase-messaging:24.1.1] AndroidManifest.xml:57:13-59:85
140                android:name="com.google.firebase.components:com.google.firebase.messaging.FirebaseMessagingKtxRegistrar"
140-->[com.google.firebase:firebase-messaging:24.1.1] AndroidManifest.xml:58:17-122
141                android:value="com.google.firebase.components.ComponentRegistrar" />
141-->[com.google.firebase:firebase-messaging:24.1.1] AndroidManifest.xml:59:17-82
142            <meta-data
142-->[com.google.firebase:firebase-messaging:24.1.1] AndroidManifest.xml:60:13-62:85
143                android:name="com.google.firebase.components:com.google.firebase.messaging.FirebaseMessagingRegistrar"
143-->[com.google.firebase:firebase-messaging:24.1.1] AndroidManifest.xml:61:17-119
144                android:value="com.google.firebase.components.ComponentRegistrar" />
144-->[com.google.firebase:firebase-messaging:24.1.1] AndroidManifest.xml:62:17-82
145            <meta-data
145-->[com.google.firebase:firebase-installations:18.0.0] AndroidManifest.xml:15:13-17:85
146                android:name="com.google.firebase.components:com.google.firebase.installations.FirebaseInstallationsKtxRegistrar"
146-->[com.google.firebase:firebase-installations:18.0.0] AndroidManifest.xml:16:17-130
147                android:value="com.google.firebase.components.ComponentRegistrar" />
147-->[com.google.firebase:firebase-installations:18.0.0] AndroidManifest.xml:17:17-82
148            <meta-data
148-->[com.google.firebase:firebase-installations:18.0.0] AndroidManifest.xml:18:13-20:85
149                android:name="com.google.firebase.components:com.google.firebase.installations.FirebaseInstallationsRegistrar"
149-->[com.google.firebase:firebase-installations:18.0.0] AndroidManifest.xml:19:17-127
150                android:value="com.google.firebase.components.ComponentRegistrar" />
150-->[com.google.firebase:firebase-installations:18.0.0] AndroidManifest.xml:20:17-82
151            <meta-data
151-->[com.google.firebase:firebase-common-ktx:21.0.0] AndroidManifest.xml:12:13-14:85
152                android:name="com.google.firebase.components:com.google.firebase.ktx.FirebaseCommonLegacyRegistrar"
152-->[com.google.firebase:firebase-common-ktx:21.0.0] AndroidManifest.xml:13:17-116
153                android:value="com.google.firebase.components.ComponentRegistrar" />
153-->[com.google.firebase:firebase-common-ktx:21.0.0] AndroidManifest.xml:14:17-82
154            <meta-data
154-->[com.google.firebase:firebase-common:21.0.0] AndroidManifest.xml:35:13-37:85
155                android:name="com.google.firebase.components:com.google.firebase.FirebaseCommonKtxRegistrar"
155-->[com.google.firebase:firebase-common:21.0.0] AndroidManifest.xml:36:17-109
156                android:value="com.google.firebase.components.ComponentRegistrar" />
156-->[com.google.firebase:firebase-common:21.0.0] AndroidManifest.xml:37:17-82
157            <meta-data
157-->[com.google.firebase:firebase-datatransport:18.2.0] AndroidManifest.xml:25:13-27:85
158                android:name="com.google.firebase.components:com.google.firebase.datatransport.TransportRegistrar"
158-->[com.google.firebase:firebase-datatransport:18.2.0] AndroidManifest.xml:26:17-115
159                android:value="com.google.firebase.components.ComponentRegistrar" />
159-->[com.google.firebase:firebase-datatransport:18.2.0] AndroidManifest.xml:27:17-82
160        </service>
161
162        <provider
162-->[:firebase_messaging] AndroidManifest.xml:41:9-45:38
163            android:name="io.flutter.plugins.firebase.messaging.FlutterFirebaseMessagingInitProvider"
163-->[:firebase_messaging] AndroidManifest.xml:42:13-102
164            android:authorities="com.example.richzspot.flutterfirebasemessaginginitprovider"
164-->[:firebase_messaging] AndroidManifest.xml:43:13-88
165            android:exported="false"
165-->[:firebase_messaging] AndroidManifest.xml:44:13-37
166            android:initOrder="99" />
166-->[:firebase_messaging] AndroidManifest.xml:45:13-35
167
168        <receiver
168-->[:flutter_local_notifications] AndroidManifest.xml:14:9-16:40
169            android:name="com.dexterous.flutterlocalnotifications.ActionBroadcastReceiver"
169-->[:flutter_local_notifications] AndroidManifest.xml:15:13-91
170            android:exported="false" />
170-->[:flutter_local_notifications] AndroidManifest.xml:16:13-37
171        <receiver
171-->[:flutter_local_notifications] AndroidManifest.xml:17:9-19:40
172            android:name="com.dexterous.flutterlocalnotifications.ScheduledNotificationReceiver"
172-->[:flutter_local_notifications] AndroidManifest.xml:18:13-97
173            android:exported="false" />
173-->[:flutter_local_notifications] AndroidManifest.xml:19:13-37
174        <receiver
174-->[:flutter_local_notifications] AndroidManifest.xml:20:9-29:20
175            android:name="com.dexterous.flutterlocalnotifications.ScheduledNotificationBootReceiver"
175-->[:flutter_local_notifications] AndroidManifest.xml:21:13-101
176            android:exported="false" >
176-->[:flutter_local_notifications] AndroidManifest.xml:22:13-37
177            <intent-filter>
177-->[:flutter_local_notifications] AndroidManifest.xml:23:13-28:29
178                <action android:name="android.intent.action.BOOT_COMPLETED" />
178-->[:flutter_local_notifications] AndroidManifest.xml:24:17-79
178-->[:flutter_local_notifications] AndroidManifest.xml:24:25-76
179                <action android:name="android.intent.action.MY_PACKAGE_REPLACED" />
179-->[:flutter_local_notifications] AndroidManifest.xml:25:17-84
179-->[:flutter_local_notifications] AndroidManifest.xml:25:25-81
180                <action android:name="android.intent.action.QUICKBOOT_POWERON" />
180-->[:flutter_local_notifications] AndroidManifest.xml:26:17-82
180-->[:flutter_local_notifications] AndroidManifest.xml:26:25-79
181                <action android:name="com.htc.intent.action.QUICKBOOT_POWERON" />
181-->[:flutter_local_notifications] AndroidManifest.xml:27:17-82
181-->[:flutter_local_notifications] AndroidManifest.xml:27:25-79
182            </intent-filter>
183        </receiver>
184
185        <provider
185-->[:image_picker_android] AndroidManifest.xml:9:9-17:20
186            android:name="io.flutter.plugins.imagepicker.ImagePickerFileProvider"
186-->[:image_picker_android] AndroidManifest.xml:10:13-82
187            android:authorities="com.example.richzspot.flutter.image_provider"
187-->[:image_picker_android] AndroidManifest.xml:11:13-74
188            android:exported="false"
188-->[:image_picker_android] AndroidManifest.xml:12:13-37
189            android:grantUriPermissions="true" >
189-->[:image_picker_android] AndroidManifest.xml:13:13-47
190            <meta-data
190-->[:image_picker_android] AndroidManifest.xml:14:13-16:75
191                android:name="android.support.FILE_PROVIDER_PATHS"
191-->[:image_picker_android] AndroidManifest.xml:15:17-67
192                android:resource="@xml/flutter_image_picker_file_paths" />
192-->[:image_picker_android] AndroidManifest.xml:16:17-72
193        </provider> <!-- Trigger Google Play services to install the backported photo picker module. -->
194        <service
194-->[:image_picker_android] AndroidManifest.xml:19:9-31:19
195            android:name="com.google.android.gms.metadata.ModuleDependencies"
195-->[:image_picker_android] AndroidManifest.xml:20:13-78
196            android:enabled="false"
196-->[:image_picker_android] AndroidManifest.xml:21:13-36
197            android:exported="false" >
197-->[:image_picker_android] AndroidManifest.xml:22:13-37
198            <intent-filter>
198-->[:image_picker_android] AndroidManifest.xml:24:13-26:29
199                <action android:name="com.google.android.gms.metadata.MODULE_DEPENDENCIES" />
199-->[:image_picker_android] AndroidManifest.xml:25:17-94
199-->[:image_picker_android] AndroidManifest.xml:25:25-91
200            </intent-filter>
201
202            <meta-data
202-->[:image_picker_android] AndroidManifest.xml:28:13-30:36
203                android:name="photopicker_activity:0:required"
203-->[:image_picker_android] AndroidManifest.xml:29:17-63
204                android:value="" />
204-->[:image_picker_android] AndroidManifest.xml:30:17-33
205        </service>
206
207        <provider
207-->[:open_filex] AndroidManifest.xml:16:9-25:20
208            android:name="com.crazecoder.openfile.FileProvider"
208-->[:open_filex] AndroidManifest.xml:17:13-64
209            android:authorities="com.example.richzspot.fileProvider.com.crazecoder.openfile"
209-->[:open_filex] AndroidManifest.xml:18:13-88
210            android:exported="false"
210-->[:open_filex] AndroidManifest.xml:19:13-37
211            android:grantUriPermissions="true" >
211-->[:open_filex] AndroidManifest.xml:20:13-47
212            <meta-data
212-->[:image_picker_android] AndroidManifest.xml:14:13-16:75
213                android:name="android.support.FILE_PROVIDER_PATHS"
213-->[:image_picker_android] AndroidManifest.xml:15:17-67
214                android:resource="@xml/filepaths" />
214-->[:image_picker_android] AndroidManifest.xml:16:17-72
215        </provider>
216
217        <activity
217-->[:url_launcher_android] AndroidManifest.xml:8:9-11:74
218            android:name="io.flutter.plugins.urllauncher.WebViewActivity"
218-->[:url_launcher_android] AndroidManifest.xml:9:13-74
219            android:exported="false"
219-->[:url_launcher_android] AndroidManifest.xml:10:13-37
220            android:theme="@android:style/Theme.NoTitleBar.Fullscreen" />
220-->[:url_launcher_android] AndroidManifest.xml:11:13-71
221
222        <service
222-->[com.google.android.gms:play-services-mlkit-face-detection:17.1.0] AndroidManifest.xml:9:9-15:19
223            android:name="com.google.mlkit.common.internal.MlKitComponentDiscoveryService"
223-->[com.google.android.gms:play-services-mlkit-face-detection:17.1.0] AndroidManifest.xml:10:13-91
224            android:directBootAware="true"
224-->[com.google.mlkit:common:18.10.0] AndroidManifest.xml:17:13-43
225            android:exported="false" >
225-->[com.google.android.gms:play-services-mlkit-face-detection:17.1.0] AndroidManifest.xml:11:13-37
226            <meta-data
226-->[com.google.android.gms:play-services-mlkit-face-detection:17.1.0] AndroidManifest.xml:12:13-14:85
227                android:name="com.google.firebase.components:com.google.mlkit.vision.face.internal.FaceRegistrar"
227-->[com.google.android.gms:play-services-mlkit-face-detection:17.1.0] AndroidManifest.xml:13:17-114
228                android:value="com.google.firebase.components.ComponentRegistrar" />
228-->[com.google.android.gms:play-services-mlkit-face-detection:17.1.0] AndroidManifest.xml:14:17-82
229            <meta-data
229-->[com.google.mlkit:vision-common:17.3.0] AndroidManifest.xml:12:13-14:85
230                android:name="com.google.firebase.components:com.google.mlkit.vision.common.internal.VisionCommonRegistrar"
230-->[com.google.mlkit:vision-common:17.3.0] AndroidManifest.xml:13:17-124
231                android:value="com.google.firebase.components.ComponentRegistrar" />
231-->[com.google.mlkit:vision-common:17.3.0] AndroidManifest.xml:14:17-82
232            <meta-data
232-->[com.google.mlkit:common:18.10.0] AndroidManifest.xml:20:13-22:85
233                android:name="com.google.firebase.components:com.google.mlkit.common.internal.CommonComponentRegistrar"
233-->[com.google.mlkit:common:18.10.0] AndroidManifest.xml:21:17-120
234                android:value="com.google.firebase.components.ComponentRegistrar" />
234-->[com.google.mlkit:common:18.10.0] AndroidManifest.xml:22:17-82
235        </service>
236
237        <provider
237-->[com.google.mlkit:common:18.10.0] AndroidManifest.xml:9:9-13:38
238            android:name="com.google.mlkit.common.internal.MlKitInitProvider"
238-->[com.google.mlkit:common:18.10.0] AndroidManifest.xml:10:13-78
239            android:authorities="com.example.richzspot.mlkitinitprovider"
239-->[com.google.mlkit:common:18.10.0] AndroidManifest.xml:11:13-69
240            android:exported="false"
240-->[com.google.mlkit:common:18.10.0] AndroidManifest.xml:12:13-37
241            android:initOrder="99" />
241-->[com.google.mlkit:common:18.10.0] AndroidManifest.xml:13:13-35
242
243        <receiver
243-->[com.google.firebase:firebase-messaging:24.1.1] AndroidManifest.xml:29:9-40:20
244            android:name="com.google.firebase.iid.FirebaseInstanceIdReceiver"
244-->[com.google.firebase:firebase-messaging:24.1.1] AndroidManifest.xml:30:13-78
245            android:exported="true"
245-->[com.google.firebase:firebase-messaging:24.1.1] AndroidManifest.xml:31:13-36
246            android:permission="com.google.android.c2dm.permission.SEND" >
246-->[com.google.firebase:firebase-messaging:24.1.1] AndroidManifest.xml:32:13-73
247            <intent-filter>
247-->[:firebase_messaging] AndroidManifest.xml:30:13-32:29
248                <action android:name="com.google.android.c2dm.intent.RECEIVE" />
248-->[:firebase_messaging] AndroidManifest.xml:31:17-81
248-->[:firebase_messaging] AndroidManifest.xml:31:25-78
249            </intent-filter>
250
251            <meta-data
251-->[com.google.firebase:firebase-messaging:24.1.1] AndroidManifest.xml:37:13-39:40
252                android:name="com.google.android.gms.cloudmessaging.FINISHED_AFTER_HANDLED"
252-->[com.google.firebase:firebase-messaging:24.1.1] AndroidManifest.xml:38:17-92
253                android:value="true" />
253-->[com.google.firebase:firebase-messaging:24.1.1] AndroidManifest.xml:39:17-37
254        </receiver>
255        <!--
256             FirebaseMessagingService performs security checks at runtime,
257             but set to not exported to explicitly avoid allowing another app to call it.
258        -->
259        <service
259-->[com.google.firebase:firebase-messaging:24.1.1] AndroidManifest.xml:46:9-53:19
260            android:name="com.google.firebase.messaging.FirebaseMessagingService"
260-->[com.google.firebase:firebase-messaging:24.1.1] AndroidManifest.xml:47:13-82
261            android:directBootAware="true"
261-->[com.google.firebase:firebase-messaging:24.1.1] AndroidManifest.xml:48:13-43
262            android:exported="false" >
262-->[com.google.firebase:firebase-messaging:24.1.1] AndroidManifest.xml:49:13-37
263            <intent-filter android:priority="-500" >
263-->[:firebase_messaging] AndroidManifest.xml:21:13-23:29
264                <action android:name="com.google.firebase.MESSAGING_EVENT" />
264-->[:firebase_messaging] AndroidManifest.xml:22:17-78
264-->[:firebase_messaging] AndroidManifest.xml:22:25-75
265            </intent-filter>
266        </service>
267
268        <activity
268-->[com.google.android.gms:play-services-base:18.3.0] AndroidManifest.xml:20:9-22:45
269            android:name="com.google.android.gms.common.api.GoogleApiActivity"
269-->[com.google.android.gms:play-services-base:18.3.0] AndroidManifest.xml:20:19-85
270            android:exported="false"
270-->[com.google.android.gms:play-services-base:18.3.0] AndroidManifest.xml:22:19-43
271            android:theme="@android:style/Theme.Translucent.NoTitleBar" />
271-->[com.google.android.gms:play-services-base:18.3.0] AndroidManifest.xml:21:19-78
272
273        <provider
273-->[com.google.firebase:firebase-common:21.0.0] AndroidManifest.xml:23:9-28:39
274            android:name="com.google.firebase.provider.FirebaseInitProvider"
274-->[com.google.firebase:firebase-common:21.0.0] AndroidManifest.xml:24:13-77
275            android:authorities="com.example.richzspot.firebaseinitprovider"
275-->[com.google.firebase:firebase-common:21.0.0] AndroidManifest.xml:25:13-72
276            android:directBootAware="true"
276-->[com.google.firebase:firebase-common:21.0.0] AndroidManifest.xml:26:13-43
277            android:exported="false"
277-->[com.google.firebase:firebase-common:21.0.0] AndroidManifest.xml:27:13-37
278            android:initOrder="100" />
278-->[com.google.firebase:firebase-common:21.0.0] AndroidManifest.xml:28:13-36
279
280        <uses-library
280-->[androidx.window:window:1.2.0] AndroidManifest.xml:23:9-25:40
281            android:name="androidx.window.extensions"
281-->[androidx.window:window:1.2.0] AndroidManifest.xml:24:13-54
282            android:required="false" />
282-->[androidx.window:window:1.2.0] AndroidManifest.xml:25:13-37
283        <uses-library
283-->[androidx.window:window:1.2.0] AndroidManifest.xml:26:9-28:40
284            android:name="androidx.window.sidecar"
284-->[androidx.window:window:1.2.0] AndroidManifest.xml:27:13-51
285            android:required="false" />
285-->[androidx.window:window:1.2.0] AndroidManifest.xml:28:13-37
286
287        <meta-data
287-->[com.google.android.gms:play-services-basement:18.3.0] AndroidManifest.xml:21:9-23:69